<?xml version="1.0" encoding="UTF-8"?>
<!-- Generated by org.testng.reporters.JUnitXMLReporter -->
<testsuite ignored="0" hostname="DESKTOP-FSVBQOO" failures="0" tests="6" name="Run on Chrome" time="3.346" errors="0" timestamp="2024-09-10T17:15:34 ICT">
  <testcase classname="com.opencart.user.User_01_Register" name="@BeforeClass beforeClass" time="3.212">
    <failure type="org.openqa.selenium.NoSuchWindowException" message="no such window: target window already closed
from unknown error: web view not found
  (Session info: chrome=128.0.6613.120)
Build info: version: &amp;apos;4.23.0&amp;apos;, revision: &amp;apos;4df0a231af&amp;apos;
System info: os.name: &amp;apos;Windows 10&amp;apos;, os.arch: &amp;apos;amd64&amp;apos;, os.version: &amp;apos;10.0&amp;apos;, java.version: &amp;apos;22&amp;apos;
Driver info: org.openqa.selenium.chrome.ChromeDriver
Command: [f98605e8aff2aa4295773a0b45f389e4, findElement {using=xpath, value=//input[@type=&amp;apos;checkbox&amp;apos;]}]
Capabilities {acceptInsecureCerts: false, browserName: chrome, browserVersion: 128.0.6613.120, chrome: {chromedriverVersion: 128.0.6613.119 (6e439cfca4d..., userDataDir: C:\Users\Admin\AppData\Loca...}, fedcm:accounts: true, goog:chromeOptions: {debuggerAddress: localhost:51712}, networkConnectionEnabled: false, pageLoadStrategy: normal, platformName: windows, proxy: Proxy(), se:cdp: ws://localhost:51712/devtoo..., se:cdpVersion: 128.0.6613.120, setWindowRect: true, strictFileInteractability: false, timeouts: {implicit: 0, pageLoad: 300000, script: 30000}, unhandledPromptBehavior: dismiss and notify, webauthn:extension:credBlob: true, webauthn:extension:largeBlob: true, webauthn:extension:minPinLength: true, webauthn:extension:prf: true, webauthn:virtualAuthenticators: true}
Session ID: f98605e8aff2aa4295773a0b45f389e4">
      <![CDATA[org.openqa.selenium.NoSuchWindowException: no such window: target window already closed
from unknown error: web view not found
  (Session info: chrome=128.0.6613.120)
Build info: version: '4.23.0', revision: '4df0a231af'
System info: os.name: 'Windows 10', os.arch: 'amd64', os.version: '10.0', java.version: '22'
Driver info: org.openqa.selenium.chrome.ChromeDriver
Command: [f98605e8aff2aa4295773a0b45f389e4, findElement {using=xpath, value=//input[@type='checkbox']}]
Capabilities {acceptInsecureCerts: false, browserName: chrome, browserVersion: 128.0.6613.120, chrome: {chromedriverVersion: 128.0.6613.119 (6e439cfca4d..., userDataDir: C:\Users\Admin\AppData\Loca...}, fedcm:accounts: true, goog:chromeOptions: {debuggerAddress: localhost:51712}, networkConnectionEnabled: false, pageLoadStrategy: normal, platformName: windows, proxy: Proxy(), se:cdp: ws://localhost:51712/devtoo..., se:cdpVersion: 128.0.6613.120, setWindowRect: true, strictFileInteractability: false, timeouts: {implicit: 0, pageLoad: 300000, script: 30000}, unhandledPromptBehavior: dismiss and notify, webauthn:extension:credBlob: true, webauthn:extension:largeBlob: true, webauthn:extension:minPinLength: true, webauthn:extension:prf: true, webauthn:virtualAuthenticators: true}
Session ID: f98605e8aff2aa4295773a0b45f389e4
at org.openqa.selenium.remote.ErrorCodec.decode(ErrorCodec.java:167)
at org.openqa.selenium.remote.codec.w3c.W3CHttpResponseCodec.decode(W3CHttpResponseCodec.java:138)
at org.openqa.selenium.remote.codec.w3c.W3CHttpResponseCodec.decode(W3CHttpResponseCodec.java:50)
at org.openqa.selenium.remote.HttpCommandExecutor.execute(HttpCommandExecutor.java:190)
at org.openqa.selenium.remote.service.DriverCommandExecutor.invokeExecute(DriverCommandExecutor.java:216)
at org.openqa.selenium.remote.service.DriverCommandExecutor.execute(DriverCommandExecutor.java:174)
at org.openqa.selenium.remote.RemoteWebDriver.execute(RemoteWebDriver.java:527)
at org.openqa.selenium.remote.ElementLocation$ElementFinder$2.findElement(ElementLocation.java:165)
at org.openqa.selenium.remote.ElementLocation.findElement(ElementLocation.java:59)
at org.openqa.selenium.remote.RemoteWebDriver.findElement(RemoteWebDriver.java:357)
at org.openqa.selenium.remote.RemoteWebDriver.findElement(RemoteWebDriver.java:351)
at commons.basePage.getElement(basePage.java:194)
at commons.basePage.waitForAndCheckToCheckboxInShadowDOM(basePage.java:242)
at pageObjects.opencart.HomePageObject.clickToCheckboxAuto(HomePageObject.java:20)
at com.opencart.user.User_01_Register.beforeClass(User_01_Register.java:48)
at java.base/java.util.ArrayList.forEach(ArrayList.java:1597)
... Removed 26 stack frames]]>
    </failure>
  </testcase> <!-- @BeforeClass beforeClass -->
  <testcase classname="com.opencart.user.User_01_Register" name="@AfterClass afterClass" time="0.0">
    <skipped/>
  </testcase> <!-- @AfterClass afterClass -->
  <testcase classname="com.opencart.user.User_01_Register" name="User_01_Register_With_Empty_Data" time="0.0">
    <skipped/>
  </testcase> <!-- User_01_Register_With_Empty_Data -->
  <testcase classname="com.opencart.user.User_01_Register" name="User_02_Register_With_Existed_Email" time="0.0">
    <skipped/>
  </testcase> <!-- User_02_Register_With_Existed_Email -->
  <testcase classname="com.opencart.user.User_01_Register" name="User_02_Register_With_Invalid_Email" time="0.0">
    <skipped/>
  </testcase> <!-- User_02_Register_With_Invalid_Email -->
  <testcase classname="com.opencart.user.User_01_Register" name="User_02_Register_With_Password_Less_Than_4_Characters" time="0.0">
    <skipped/>
  </testcase> <!-- User_02_Register_With_Password_Less_Than_4_Characters -->
  <testcase classname="com.opencart.user.User_01_Register" name="User_02_Register_With_Password_More_Than_20_Characters" time="0.0">
    <skipped/>
  </testcase> <!-- User_02_Register_With_Password_More_Than_20_Characters -->
  <testcase classname="com.opencart.user.User_01_Register" name="User_03_Register_With_Successful_Information" time="0.001">
    <skipped/>
  </testcase> <!-- User_03_Register_With_Successful_Information -->
</testsuite> <!-- Run on Chrome -->
