<?xml version="1.0" encoding="UTF-8"?>
<!-- Generated by org.testng.reporters.JUnitXMLReporter -->
<testsuite ignored="0" hostname="DESKTOP-FSVBQOO" failures="0" tests="0" name="Run on Chrome" time="5.958" errors="0" timestamp="2024-08-18T17:32:06 ICT">
  <testcase classname="com.opencart.user.User_01_Register" name="@BeforeClass beforeClass" time="5.558">
    <failure type="java.lang.ClassCastException" message="class org.openqa.selenium.remote.ShadowRoot cannot be cast to class org.openqa.selenium.WebElement (org.openqa.selenium.remote.ShadowRoot and org.openqa.selenium.WebElement are in unnamed module of loader &amp;apos;app&amp;apos;)">
      <![CDATA[java.lang.ClassCastException: class org.openqa.selenium.remote.ShadowRoot cannot be cast to class org.openqa.selenium.WebElement (org.openqa.selenium.remote.ShadowRoot and org.openqa.selenium.WebElement are in unnamed module of loader 'app')
at commons.basePage.waitForAndCheckToCheckboxInShadowDOM2(basePage.java:258)
at pageObjects.nopcommerce.StartPageObject.checkToStartCheckbox(StartPageObject.java:21)
at com.opencart.user.User_01_Register.beforeClass(User_01_Register.java:43)
at java.base/java.util.ArrayList.forEach(ArrayList.java:1597)
... Removed 23 stack frames]]>
    </failure>
  </testcase> <!-- @BeforeClass beforeClass -->
</testsuite> <!-- Run on Chrome -->
