<?xml version="1.0" encoding="UTF-8"?>
<!-- Generated by org.testng.reporters.JUnitXMLReporter -->
<testsuite ignored="0" hostname="DESKTOP-FSVBQOO" failures="0" tests="10" name="Default test" time="0.188" errors="0" timestamp="2024-08-20T17:06:28 ICT">
  <testcase classname="com.bankguru.payment.Payment_01_Creat_and_Check" name="@BeforeClass beforeClass" time="-1.724148388226E9">
    <failure type="org.testng.TestNGException" message="
Parameter &amp;apos;url&amp;apos; is required by BeforeClass on method beforeClass but has not been marked @Optional or defined
in C:\Users\Admin\AppData\Local\Temp\testng-eclipse--2105569982\testng-customsuite.xml">
      <![CDATA[org.testng.TestNGException: 
Parameter 'url' is required by BeforeClass on method beforeClass but has not been marked @Optional or defined
in C:\Users\Admin\AppData\Local\Temp\testng-eclipse--2105569982\testng-customsuite.xml
at org.testng.internal.Parameters.createParams(Parameters.java:264)
at org.testng.internal.Parameters.createParametersForMethod(Parameters.java:352)
at org.testng.internal.Parameters.createParameters(Parameters.java:690)
at org.testng.internal.Parameters.createConfigurationParameters(Parameters.java:163)
at org.testng.internal.invokers.ConfigInvoker.invokeConfigurations(ConfigInvoker.java:313)
at org.testng.internal.invokers.TestMethodWorker.invokeBeforeClassMethods(TestMethodWorker.java:188)
at org.testng.internal.invokers.TestMethodWorker.run(TestMethodWorker.java:128)
at java.base/java.util.ArrayList.forEach(ArrayList.java:1597)
at org.testng.TestRunner.privateRun(TestRunner.java:739)
at org.testng.TestRunner.run(TestRunner.java:614)
at org.testng.SuiteRunner.runTest(SuiteRunner.java:421)
at org.testng.SuiteRunner.runSequentially(SuiteRunner.java:413)
at org.testng.SuiteRunner.privateRun(SuiteRunner.java:373)
at org.testng.SuiteRunner.run(SuiteRunner.java:312)
at org.testng.SuiteRunnerWorker.runSuite(SuiteRunnerWorker.java:52)
at org.testng.SuiteRunnerWorker.run(SuiteRunnerWorker.java:95)
at org.testng.TestNG.runSuitesSequentially(TestNG.java:1274)
at org.testng.TestNG.runSuitesLocally(TestNG.java:1208)
at org.testng.TestNG.runSuites(TestNG.java:1112)
at org.testng.TestNG.run(TestNG.java:1079)
at org.testng.remote.AbstractRemoteTestNG.run(AbstractRemoteTestNG.java:115)
at org.testng.remote.RemoteTestNG.initAndRun(RemoteTestNG.java:293)
at org.testng.remote.RemoteTestNG.main(RemoteTestNG.java:91)
]]>
    </failure>
  </testcase> <!-- @BeforeClass beforeClass -->
  <testcase classname="com.bankguru.payment.Payment_01_Creat_and_Check" name="@AfterClass afterClass" time="0.0">
    <skipped/>
  </testcase> <!-- @AfterClass afterClass -->
  <testcase classname="com.bankguru.payment.Payment_01_Creat_and_Check" name="payment_01_creat_new_customer_account" time="0.0">
    <skipped/>
  </testcase> <!-- payment_01_creat_new_customer_account -->
  <testcase classname="com.bankguru.payment.Payment_01_Creat_and_Check" name="payment_02_edit_customer_account" time="0.0">
    <skipped/>
  </testcase> <!-- payment_02_edit_customer_account -->
  <testcase classname="com.bankguru.payment.Payment_01_Creat_and_Check" name="payment_03_new_account" time="0.0">
    <skipped/>
  </testcase> <!-- payment_03_new_account -->
  <testcase classname="com.bankguru.payment.Payment_01_Creat_and_Check" name="payment_04_edit_account" time="0.0">
    <skipped/>
  </testcase> <!-- payment_04_edit_account -->
  <testcase classname="com.bankguru.payment.Payment_01_Creat_and_Check" name="payment_05_tranfer_money" time="0.0">
    <skipped/>
  </testcase> <!-- payment_05_tranfer_money -->
  <testcase classname="com.bankguru.payment.Payment_01_Creat_and_Check" name="payment_06_withdrawal_money" time="0.0">
    <skipped/>
  </testcase> <!-- payment_06_withdrawal_money -->
  <testcase classname="com.bankguru.payment.Payment_01_Creat_and_Check" name="payment_07_fund_transfer" time="0.001">
    <skipped/>
  </testcase> <!-- payment_07_fund_transfer -->
  <testcase classname="com.bankguru.payment.Payment_01_Creat_and_Check" name="payment_08_balance" time="0.0">
    <skipped/>
  </testcase> <!-- payment_08_balance -->
  <testcase classname="com.bankguru.payment.Payment_01_Creat_and_Check" name="payment_09_delete_account" time="0.0">
    <skipped/>
  </testcase> <!-- payment_09_delete_account -->
  <testcase classname="com.bankguru.payment.Payment_01_Creat_and_Check" name="payment_10_delete_customer" time="0.0">
    <skipped/>
  </testcase> <!-- payment_10_delete_customer -->
</testsuite> <!-- Default test -->
