<?xml version="1.0" encoding="UTF-8"?>
<!-- Generated by org.testng.reporters.JUnitXMLReporter -->
<testsuite ignored="0" hostname="DESKTOP-FSVBQOO" failures="10" tests="10" name="Run on Firefox" time="59.041" errors="0" timestamp="2024-08-20T16:54:54 ICT">
  <testcase classname="com.bankguru.payment.Payment_01_Creat_and_Check" name="payment_01_creat_new_customer_account" time="13.875">
    <failure type="org.openqa.selenium.UnhandledAlertException" message="Unexpected alert dialog detected. Performed handler &amp;quot;dismiss&amp;quot;: 
Build info: version: &amp;apos;4.23.0&amp;apos;, revision: &amp;apos;4df0a231af&amp;apos;
System info: os.name: &amp;apos;Windows 10&amp;apos;, os.arch: &amp;apos;amd64&amp;apos;, os.version: &amp;apos;10.0&amp;apos;, java.version: &amp;apos;22&amp;apos;
Driver info: org.openqa.selenium.firefox.FirefoxDriver
Command: [36099457-6a91-4a6c-9483-2ea891081e84, findElement {using=xpath, value=//p[contains(text(), &amp;apos;Customer Registered Successfully!!!&amp;apos;)]}]
Capabilities {acceptInsecureCerts: true, browserName: firefox, browserVersion: 129.0.1, moz:accessibilityChecks: false, moz:buildID: 20240812083845, moz:debuggerAddress: 127.0.0.1:41474, moz:geckodriverVersion: 0.35.0, moz:headless: false, moz:platformVersion: 10.0, moz:processID: 12900, moz:profile: C:\Users\Admin\AppData\Loca..., moz:shutdownTimeout: 60000, moz:webdriverClick: true, moz:windowless: false, pageLoadStrategy: normal, platformName: windows, proxy: Proxy(), se:cdp: ws://127.0.0.1:41474/devtoo..., se:cdpVersion: 85.0, setWindowRect: true, strictFileInteractability: false, timeouts: {implicit: 0, pageLoad: 300000, script: 30000}, unhandledPromptBehavior: dismiss and notify, userAgent: Mozilla/5.0 (Windows NT 10....}
Session ID: 36099457-6a91-4a6c-9483-2ea891081e84">
      <![CDATA[org.openqa.selenium.UnhandledAlertException: Unexpected alert dialog detected. Performed handler "dismiss": 
Build info: version: '4.23.0', revision: '4df0a231af'
System info: os.name: 'Windows 10', os.arch: 'amd64', os.version: '10.0', java.version: '22'
Driver info: org.openqa.selenium.firefox.FirefoxDriver
Command: [36099457-6a91-4a6c-9483-2ea891081e84, findElement {using=xpath, value=//p[contains(text(), 'Customer Registered Successfully!!!')]}]
Capabilities {acceptInsecureCerts: true, browserName: firefox, browserVersion: 129.0.1, moz:accessibilityChecks: false, moz:buildID: 20240812083845, moz:debuggerAddress: 127.0.0.1:41474, moz:geckodriverVersion: 0.35.0, moz:headless: false, moz:platformVersion: 10.0, moz:processID: 12900, moz:profile: C:\Users\Admin\AppData\Loca..., moz:shutdownTimeout: 60000, moz:webdriverClick: true, moz:windowless: false, pageLoadStrategy: normal, platformName: windows, proxy: Proxy(), se:cdp: ws://127.0.0.1:41474/devtoo..., se:cdpVersion: 85.0, setWindowRect: true, strictFileInteractability: false, timeouts: {implicit: 0, pageLoad: 300000, script: 30000}, unhandledPromptBehavior: dismiss and notify, userAgent: Mozilla/5.0 (Windows NT 10....}
Session ID: 36099457-6a91-4a6c-9483-2ea891081e84
at org.openqa.selenium.remote.codec.w3c.W3CHttpResponseCodec.decode(W3CHttpResponseCodec.java:136)
at org.openqa.selenium.remote.codec.w3c.W3CHttpResponseCodec.decode(W3CHttpResponseCodec.java:50)
at org.openqa.selenium.remote.HttpCommandExecutor.execute(HttpCommandExecutor.java:190)
at org.openqa.selenium.remote.service.DriverCommandExecutor.invokeExecute(DriverCommandExecutor.java:216)
at org.openqa.selenium.remote.service.DriverCommandExecutor.execute(DriverCommandExecutor.java:174)
at org.openqa.selenium.remote.RemoteWebDriver.execute(RemoteWebDriver.java:527)
at org.openqa.selenium.remote.ElementLocation$ElementFinder$2.findElement(ElementLocation.java:165)
at org.openqa.selenium.remote.ElementLocation.findElement(ElementLocation.java:59)
at org.openqa.selenium.remote.RemoteWebDriver.findElement(RemoteWebDriver.java:357)
at org.openqa.selenium.remote.RemoteWebDriver.findElement(RemoteWebDriver.java:351)
at org.openqa.selenium.support.ui.ExpectedConditions$7.apply(ExpectedConditions.java:194)
at org.openqa.selenium.support.ui.ExpectedConditions$7.apply(ExpectedConditions.java:190)
at org.openqa.selenium.support.ui.FluentWait.until(FluentWait.java:203)
at commons.basePage.waitForElementVisible(basePage.java:625)
at pageObjects.bankguru.pageAction.isSuccessMessageDisplayed(pageAction.java:45)
at com.bankguru.payment.Payment_01_Creat_and_Check.payment_01_creat_new_customer_account(Payment_01_Creat_and_Check.java:150)
at java.base/java.util.ArrayList.forEach(ArrayList.java:1597)
... Removed 25 stack frames]]>
    </failure>
  </testcase> <!-- payment_01_creat_new_customer_account -->
  <testcase classname="com.bankguru.payment.Payment_01_Creat_and_Check" name="payment_02_edit_customer_account" time="15.182">
    <failure type="org.openqa.selenium.TimeoutException" message="Expected condition failed: waiting for visibility of element located by By.xpath: //td[contains(text(),&amp;apos;Customer ID&amp;apos;)]/following-sibling::td (tried for 15 second(s) with 500 milliseconds interval)
Build info: version: &amp;apos;4.23.0&amp;apos;, revision: &amp;apos;4df0a231af&amp;apos;
System info: os.name: &amp;apos;Windows 10&amp;apos;, os.arch: &amp;apos;amd64&amp;apos;, os.version: &amp;apos;10.0&amp;apos;, java.version: &amp;apos;22&amp;apos;
Driver info: org.openqa.selenium.firefox.FirefoxDriver
Capabilities {acceptInsecureCerts: true, browserName: firefox, browserVersion: 129.0.1, moz:accessibilityChecks: false, moz:buildID: 20240812083845, moz:debuggerAddress: 127.0.0.1:41474, moz:geckodriverVersion: 0.35.0, moz:headless: false, moz:platformVersion: 10.0, moz:processID: 12900, moz:profile: C:\Users\Admin\AppData\Loca..., moz:shutdownTimeout: 60000, moz:webdriverClick: true, moz:windowless: false, pageLoadStrategy: normal, platformName: windows, proxy: Proxy(), se:cdp: ws://127.0.0.1:41474/devtoo..., se:cdpVersion: 85.0, setWindowRect: true, strictFileInteractability: false, timeouts: {implicit: 0, pageLoad: 300000, script: 30000}, unhandledPromptBehavior: dismiss and notify, userAgent: Mozilla/5.0 (Windows NT 10....}
Session ID: 36099457-6a91-4a6c-9483-2ea891081e84">
      <![CDATA[org.openqa.selenium.TimeoutException: Expected condition failed: waiting for visibility of element located by By.xpath: //td[contains(text(),'Customer ID')]/following-sibling::td (tried for 15 second(s) with 500 milliseconds interval)
Build info: version: '4.23.0', revision: '4df0a231af'
System info: os.name: 'Windows 10', os.arch: 'amd64', os.version: '10.0', java.version: '22'
Driver info: org.openqa.selenium.firefox.FirefoxDriver
Capabilities {acceptInsecureCerts: true, browserName: firefox, browserVersion: 129.0.1, moz:accessibilityChecks: false, moz:buildID: 20240812083845, moz:debuggerAddress: 127.0.0.1:41474, moz:geckodriverVersion: 0.35.0, moz:headless: false, moz:platformVersion: 10.0, moz:processID: 12900, moz:profile: C:\Users\Admin\AppData\Loca..., moz:shutdownTimeout: 60000, moz:webdriverClick: true, moz:windowless: false, pageLoadStrategy: normal, platformName: windows, proxy: Proxy(), se:cdp: ws://127.0.0.1:41474/devtoo..., se:cdpVersion: 85.0, setWindowRect: true, strictFileInteractability: false, timeouts: {implicit: 0, pageLoad: 300000, script: 30000}, unhandledPromptBehavior: dismiss and notify, userAgent: Mozilla/5.0 (Windows NT 10....}
Session ID: 36099457-6a91-4a6c-9483-2ea891081e84
at org.openqa.selenium.support.ui.WebDriverWait.timeoutException(WebDriverWait.java:84)
at org.openqa.selenium.support.ui.FluentWait.until(FluentWait.java:228)
at commons.basePage.waitForElementVisible(basePage.java:625)
at pageObjects.bankguru.pageAction.getDynamicID(pageAction.java:91)
at com.bankguru.payment.Payment_01_Creat_and_Check.payment_02_edit_customer_account(Payment_01_Creat_and_Check.java:175)
at java.base/java.util.ArrayList.forEach(ArrayList.java:1597)
... Removed 25 stack frames]]>
    </failure>
  </testcase> <!-- payment_02_edit_customer_account -->
  <testcase classname="com.bankguru.payment.Payment_01_Creat_and_Check" name="payment_03_new_account" time="0.015">
    <failure type="java.lang.NullPointerException" message="Cannot invoke &amp;quot;pageObjects.bankguru.editCustomerPageObject.openMultiplePageModule(String)&amp;quot; because &amp;quot;this.editCusPage&amp;quot; is null">
      <![CDATA[java.lang.NullPointerException: Cannot invoke "pageObjects.bankguru.editCustomerPageObject.openMultiplePageModule(String)" because "this.editCusPage" is null
at com.bankguru.payment.Payment_01_Creat_and_Check.payment_03_new_account(Payment_01_Creat_and_Check.java:202)
at java.base/java.util.ArrayList.forEach(ArrayList.java:1597)
... Removed 25 stack frames]]>
    </failure>
  </testcase> <!-- payment_03_new_account -->
  <testcase classname="com.bankguru.payment.Payment_01_Creat_and_Check" name="payment_04_edit_account" time="0.008">
    <failure type="java.lang.NullPointerException" message="Cannot invoke &amp;quot;pageObjects.bankguru.newAccountPageObject.openMultiplePageModule(String)&amp;quot; because &amp;quot;this.newAccPage&amp;quot; is null">
      <![CDATA[java.lang.NullPointerException: Cannot invoke "pageObjects.bankguru.newAccountPageObject.openMultiplePageModule(String)" because "this.newAccPage" is null
at com.bankguru.payment.Payment_01_Creat_and_Check.payment_04_edit_account(Payment_01_Creat_and_Check.java:238)
at java.base/java.util.ArrayList.forEach(ArrayList.java:1597)
... Removed 25 stack frames]]>
    </failure>
  </testcase> <!-- payment_04_edit_account -->
  <testcase classname="com.bankguru.payment.Payment_01_Creat_and_Check" name="payment_05_tranfer_money" time="0.004">
    <failure type="java.lang.NullPointerException" message="Cannot invoke &amp;quot;pageObjects.bankguru.editAccountPageObject.openMultiplePageModule(String)&amp;quot; because &amp;quot;this.editAccPage&amp;quot; is null">
      <![CDATA[java.lang.NullPointerException: Cannot invoke "pageObjects.bankguru.editAccountPageObject.openMultiplePageModule(String)" because "this.editAccPage" is null
at com.bankguru.payment.Payment_01_Creat_and_Check.payment_05_tranfer_money(Payment_01_Creat_and_Check.java:253)
at java.base/java.util.ArrayList.forEach(ArrayList.java:1597)
... Removed 25 stack frames]]>
    </failure>
  </testcase> <!-- payment_05_tranfer_money -->
  <testcase classname="com.bankguru.payment.Payment_01_Creat_and_Check" name="payment_06_withdrawal_money" time="0.005">
    <failure type="java.lang.NullPointerException" message="Cannot invoke &amp;quot;pageObjects.bankguru.depositPageObject.openMultiplePageModule(String)&amp;quot; because &amp;quot;this.depositPage&amp;quot; is null">
      <![CDATA[java.lang.NullPointerException: Cannot invoke "pageObjects.bankguru.depositPageObject.openMultiplePageModule(String)" because "this.depositPage" is null
at com.bankguru.payment.Payment_01_Creat_and_Check.payment_06_withdrawal_money(Payment_01_Creat_and_Check.java:281)
at java.base/java.util.ArrayList.forEach(ArrayList.java:1597)
... Removed 25 stack frames]]>
    </failure>
  </testcase> <!-- payment_06_withdrawal_money -->
  <testcase classname="com.bankguru.payment.Payment_01_Creat_and_Check" name="payment_07_fund_transfer" time="0.003">
    <failure type="java.lang.NullPointerException" message="Cannot invoke &amp;quot;pageObjects.bankguru.withDrawalPageObject.openMultiplePageModule(String)&amp;quot; because &amp;quot;this.withDrawalPage&amp;quot; is null">
      <![CDATA[java.lang.NullPointerException: Cannot invoke "pageObjects.bankguru.withDrawalPageObject.openMultiplePageModule(String)" because "this.withDrawalPage" is null
at com.bankguru.payment.Payment_01_Creat_and_Check.payment_07_fund_transfer(Payment_01_Creat_and_Check.java:299)
at java.base/java.util.ArrayList.forEach(ArrayList.java:1597)
... Removed 25 stack frames]]>
    </failure>
  </testcase> <!-- payment_07_fund_transfer -->
  <testcase classname="com.bankguru.payment.Payment_01_Creat_and_Check" name="payment_08_balance" time="0.002">
    <failure type="java.lang.NullPointerException" message="Cannot invoke &amp;quot;pageObjects.bankguru.withDrawalPageObject.openMultiplePageModule(String)&amp;quot; because &amp;quot;this.withDrawalPage&amp;quot; is null">
      <![CDATA[java.lang.NullPointerException: Cannot invoke "pageObjects.bankguru.withDrawalPageObject.openMultiplePageModule(String)" because "this.withDrawalPage" is null
at com.bankguru.payment.Payment_01_Creat_and_Check.payment_08_balance(Payment_01_Creat_and_Check.java:318)
at java.base/java.util.ArrayList.forEach(ArrayList.java:1597)
... Removed 25 stack frames]]>
    </failure>
  </testcase> <!-- payment_08_balance -->
  <testcase classname="com.bankguru.payment.Payment_01_Creat_and_Check" name="payment_09_delete_account" time="0.003">
    <failure type="java.lang.NullPointerException" message="Cannot invoke &amp;quot;pageObjects.bankguru.balanceEnquiryPageObject.openMultiplePageModule(String)&amp;quot; because &amp;quot;this.balancePage&amp;quot; is null">
      <![CDATA[java.lang.NullPointerException: Cannot invoke "pageObjects.bankguru.balanceEnquiryPageObject.openMultiplePageModule(String)" because "this.balancePage" is null
at com.bankguru.payment.Payment_01_Creat_and_Check.payment_09_delete_account(Payment_01_Creat_and_Check.java:332)
at java.base/java.util.ArrayList.forEach(ArrayList.java:1597)
... Removed 25 stack frames]]>
    </failure>
  </testcase> <!-- payment_09_delete_account -->
  <testcase classname="com.bankguru.payment.Payment_01_Creat_and_Check" name="payment_10_delete_customer" time="0.002">
    <failure type="java.lang.NullPointerException" message="Cannot invoke &amp;quot;pageObjects.bankguru.editAccountPageObject.openMultiplePageModule(String)&amp;quot; because &amp;quot;this.editAccPage&amp;quot; is null">
      <![CDATA[java.lang.NullPointerException: Cannot invoke "pageObjects.bankguru.editAccountPageObject.openMultiplePageModule(String)" because "this.editAccPage" is null
at com.bankguru.payment.Payment_01_Creat_and_Check.payment_10_delete_customer(Payment_01_Creat_and_Check.java:359)
at java.base/java.util.ArrayList.forEach(ArrayList.java:1597)
... Removed 25 stack frames]]>
    </failure>
  </testcase> <!-- payment_10_delete_customer -->
</testsuite> <!-- Run on Firefox -->
